i: 0
0 0 0 0 0  
0 0 0 0 0  
0 0 0 0 0  
0 0 0 0 0  
m2: [ {B,1} {I,1} {O,1} {X,1} ]
m2: [ {D,1} {I,1} {K,1} {R,1} ]
m2: [ {A,1} {B,1} {L,1} {O,1} ]
m2: [ {B,1} {E,1} {G,1} {H,1} ]
i: 1
0 0 0 0 0  
0 0 0 0 0  
1 1 1 1 0  
0 0 0 0 0  
m2: [ {B,1} {I,1} {O,1} {X,1} ]
m2: [ {D,1} {I,1} {K,1} {R,1} ]
m2: [ {A,1} {B,1} {L,1} {O,1} ]
m2: [ {B,1} {E,1} {G,1} {H,1} ]
i: 2
0 0 0 0 1  
0 0 0 0 1  
1 1 1 1 1  
0 0 0 0 1  
m2: [ {B,1} {O,1} {X,1} ]
m2: [ {D,1} {I,1} {K,1} ]
m2: [ {A,1} {B,1} {L,1} ]
m2: [ {B,1} {G,1} {H,1} ]
2
